<?xml version="1.0" encoding="UTF-8"?>
<!-- Generated by org.testng.reporters.JUnitXMLReporter -->
<testsuite hostname="LPT0052" ignored="0" name="Test" tests="3" failures="0" timestamp="2020-05-20T09:29:54 IST" time="2.752" errors="0">
  <testcase name="@BeforeTest initializeAndOpenStore" time="2.539" classname="Academy.E2EProject.Authentication">
    <failure type="org.openqa.selenium.SessionNotCreatedException" message="session not created: This version of ChromeDriver only supports Chrome version 81
Build info: version: &amp;apos;3.141.59&amp;apos;, revision: &amp;apos;e82be7d358&amp;apos;, time: &amp;apos;2018-11-14T08:17:03&amp;apos;
System info: host: &amp;apos;LPT0052&amp;apos;, ip: &amp;apos;192.168.43.131&amp;apos;, os.name: &amp;apos;Windows 7&amp;apos;, os.arch: &amp;apos;amd64&amp;apos;, os.version: &amp;apos;6.1&amp;apos;, java.version: &amp;apos;1.8.0_171&amp;apos;
Driver info: driver.version: ChromeDriver
remote stacktrace: Backtrace:
	Ordinal0 [0x01465E93+2449043]
	Ordinal0 [0x01398281+1606273]
	Ordinal0 [0x0128F889+522377]
	Ordinal0 [0x012205F3+67059]
	Ordinal0 [0x0121CD92+52626]
	Ordinal0 [0x0123C127+180519]
	Ordinal0 [0x0123BF2D+180013]
	Ordinal0 [0x01239E5B+171611]
	Ordinal0 [0x01221DD8+73176]
	Ordinal0 [0x01222E50+77392]
	Ordinal0 [0x01222DE9+77289]
	Ordinal0 [0x013AD7F7+1693687]
	GetHandleVerifier [0x01504576+522742]
	GetHandleVerifier [0x015042B4+522036]
	GetHandleVerifier [0x01519587+608775]
	GetHandleVerifier [0x01504DE6+524902]
	Ordinal0 [0x013A5BDC+1661916]
	Ordinal0 [0x013AF15B+1700187]
	Ordinal0 [0x013AF2C3+1700547]
	Ordinal0 [0x013C5135+1790261]
	BaseThreadInitThunk [0x7576343D+18]
	RtlInitializeExceptionChain [0x778C9812+99]
	RtlInitializeExceptionChain [0x778C97E5+54]
">
      <![CDATA[org.openqa.selenium.SessionNotCreatedException: session not created: This version of ChromeDriver only supports Chrome version 81
Build info: version: '3.141.59', revision: 'e82be7d358', time: '2018-11-14T08:17:03'
System info: host: 'LPT0052', ip: '192.168.43.131', os.name: 'Windows 7', os.arch: 'amd64', os.version: '6.1', java.version: '1.8.0_171'
Driver info: driver.version: ChromeDriver
remote stacktrace: Backtrace:
Ordinal0 [0x01465E93+2449043]
Ordinal0 [0x01398281+1606273]
Ordinal0 [0x0128F889+522377]
Ordinal0 [0x012205F3+67059]
Ordinal0 [0x0121CD92+52626]
Ordinal0 [0x0123C127+180519]
Ordinal0 [0x0123BF2D+180013]
Ordinal0 [0x01239E5B+171611]
Ordinal0 [0x01221DD8+73176]
Ordinal0 [0x01222E50+77392]
Ordinal0 [0x01222DE9+77289]
Ordinal0 [0x013AD7F7+1693687]
GetHandleVerifier [0x01504576+522742]
GetHandleVerifier [0x015042B4+522036]
GetHandleVerifier [0x01519587+608775]
GetHandleVerifier [0x01504DE6+524902]
Ordinal0 [0x013A5BDC+1661916]
Ordinal0 [0x013AF15B+1700187]
Ordinal0 [0x013AF2C3+1700547]
Ordinal0 [0x013C5135+1790261]
BaseThreadInitThunk [0x7576343D+18]
RtlInitializeExceptionChain [0x778C9812+99]
RtlInitializeExceptionChain [0x778C97E5+54]

at org.openqa.selenium.remote.W3CHandshakeResponse.lambda$errorHandler$0(W3CHandshakeResponse.java:62)
at org.openqa.selenium.remote.HandshakeResponse.lambda$getResponseFunction$0(HandshakeResponse.java:30)
at org.openqa.selenium.remote.ProtocolHandshake.lambda$createSession$0(ProtocolHandshake.java:126)
at java.util.stream.ReferencePipeline$3$1.accept(Unknown Source)
at java.util.Spliterators$ArraySpliterator.tryAdvance(Unknown Source)
at java.util.stream.ReferencePipeline.forEachWithCancel(Unknown Source)
at java.util.stream.AbstractPipeline.copyIntoWithCancel(Unknown Source)
at java.util.stream.AbstractPipeline.copyInto(Unknown Source)
at java.util.stream.AbstractPipeline.wrapAndCopyInto(Unknown Source)
at java.util.stream.FindOps$FindOp.evaluateSequential(Unknown Source)
at java.util.stream.AbstractPipeline.evaluate(Unknown Source)
at java.util.stream.ReferencePipeline.findFirst(Unknown Source)
at org.openqa.selenium.remote.ProtocolHandshake.createSession(ProtocolHandshake.java:128)
at org.openqa.selenium.remote.ProtocolHandshake.createSession(ProtocolHandshake.java:74)
at org.openqa.selenium.remote.HttpCommandExecutor.execute(HttpCommandExecutor.java:136)
at org.openqa.selenium.remote.service.DriverCommandExecutor.execute(DriverCommandExecutor.java:83)
at org.openqa.selenium.remote.RemoteWebDriver.execute(RemoteWebDriver.java:552)
at org.openqa.selenium.remote.RemoteWebDriver.startSession(RemoteWebDriver.java:213)
at org.openqa.selenium.remote.RemoteWebDriver.<init>(RemoteWebDriver.java:131)
at org.openqa.selenium.chrome.ChromeDriver.<init>(ChromeDriver.java:181)
at org.openqa.selenium.chrome.ChromeDriver.<init>(ChromeDriver.java:168)
at org.openqa.selenium.chrome.ChromeDriver.<init>(ChromeDriver.java:123)
at resources.Base.initializeDriver(Base.java:33)
at Academy.E2EProject.Authentication.initializeAndOpenStore(Authentication.java:28)
... Removed 28 stack frames]]>
    </failure>
  </testcase> <!-- @BeforeTest initializeAndOpenStore -->
  <testcase name="@BeforeTest initializeAndOpenStore" time="-1.58994719417E9" classname="Academy.E2EProject.Home">
    <skipped/>
  </testcase> <!-- @BeforeTest initializeAndOpenStore -->
  <testcase name="@AfterTest tearDown" time="-1.589947194354E9" classname="Academy.E2EProject.Authentication">
    <skipped/>
  </testcase> <!-- @AfterTest tearDown -->
  <testcase name="@AfterTest tearDown" time="-1.589947194356E9" classname="Academy.E2EProject.Home">
    <skipped/>
  </testcase> <!-- @AfterTest tearDown -->
  <testcase name="headerContactUs" time="0.0" classname="Academy.E2EProject.Home">
    <skipped/>
  </testcase> <!-- headerContactUs -->
  <testcase name="forgotPassword" time="0.0" classname="Academy.E2EProject.Authentication">
    <skipped/>
  </testcase> <!-- forgotPassword -->
  <testcase name="login" time="0.0" classname="Academy.E2EProject.Authentication">
    <skipped/>
  </testcase> <!-- login -->
</testsuite> <!-- Test -->
